2018-12-05 11:38:14,659 - TestStepDefinition -INFO - Browser Opened Successfully....
2018-12-05 11:44:02,983 - TestStepDefinition -INFO - Browser Opened Successfully....
2018-12-05 11:44:12,752 - TestStepDefinition -INFO - Click on Sign In
2018-12-05 11:44:14,531 - TestStepDefinition -INFO - Eneter User Name 
2018-12-05 11:44:14,721 - TestStepDefinition -INFO - Eneter Pass Word
2018-12-05 11:52:56,836 - Maven_Cucumber.mcucumber.TestStepDefinition -INFO - Browser Opened Successfully....
2018-12-05 11:53:05,732 - Maven_Cucumber.mcucumber.TestStepDefinition -INFO - Click on SignIn Button 
2018-12-05 11:53:07,485 - Maven_Cucumber.mcucumber.TestStepDefinition -INFO - Enter User Name 
2018-12-05 11:53:07,681 - Maven_Cucumber.mcucumber.TestStepDefinition -INFO - Enter Password
2018-12-05 11:53:07,850 - Maven_Cucumber.mcucumber.TestStepDefinition -INFO - Click on Submit Button 
2018-12-05 11:53:09,544 - Maven_Cucumber.mcucumber.TestStepDefinition -INFO - Home Page is Displayed...
2018-12-05 11:53:14,545 - Maven_Cucumber.mcucumber.TestStepDefinition -INFO - Click on Home Button 
2018-12-05 11:53:16,628 - Maven_Cucumber.mcucumber.TestStepDefinition -INFO - TearDown Envirnoment....
2018-12-05 11:56:18,118 - Maven_Cucumber.mcucumber.TestStepDefinition -INFO - Browser Opened Successfully....
2018-12-05 11:56:26,527 - Maven_Cucumber.mcucumber.TestStepDefinition -INFO - Click on SignIn Button 
2018-12-05 11:56:28,372 - Maven_Cucumber.mcucumber.TestStepDefinition -INFO - Enter User Name 
2018-12-05 11:56:28,589 - Maven_Cucumber.mcucumber.TestStepDefinition -INFO - Enter Password
2018-12-05 11:56:28,792 - Maven_Cucumber.mcucumber.TestStepDefinition -INFO - Click on Submit Button 
2018-12-05 11:56:30,325 - Maven_Cucumber.mcucumber.TestStepDefinition -INFO - Home Page is Displayed...
2018-12-05 11:56:35,326 - Maven_Cucumber.mcucumber.TestStepDefinition -INFO - Click on Home Button 
2018-12-05 11:56:37,378 - Maven_Cucumber.mcucumber.TestStepDefinition -INFO - TearDown Envirnoment....
2018-12-05 11:57:12,198 - Maven_Cucumber.mcucumber.TestStepDefinition -INFO - Browser Opened Successfully....
2018-12-05 11:57:21,444 - Maven_Cucumber.mcucumber.TestStepDefinition -INFO - Click on SignIn Button 
2018-12-05 11:57:23,402 - Maven_Cucumber.mcucumber.TestStepDefinition -INFO - Enter User Name 
2018-12-05 11:57:23,622 - Maven_Cucumber.mcucumber.TestStepDefinition -INFO - Enter Password
2018-12-05 11:57:23,826 - Maven_Cucumber.mcucumber.TestStepDefinition -INFO - Click on Submit Button 
2018-12-05 11:57:25,603 - Maven_Cucumber.mcucumber.TestStepDefinition -INFO - Home Page is Displayed...
2018-12-05 11:57:30,605 - Maven_Cucumber.mcucumber.TestStepDefinition -INFO - Click on Home Button 
2018-12-05 11:58:27,027 - Maven_Cucumber.mcucumber.TestStepDefinition -INFO - Browser Opened Successfully....
2018-12-05 11:58:37,563 - Maven_Cucumber.mcucumber.TestStepDefinition -INFO - Click on SignIn Button 
2018-12-05 11:58:39,420 - Maven_Cucumber.mcucumber.TestStepDefinition -INFO - Enter User Name 
2018-12-05 11:58:39,616 - Maven_Cucumber.mcucumber.TestStepDefinition -INFO - Enter Password
2018-12-05 11:58:39,804 - Maven_Cucumber.mcucumber.TestStepDefinition -INFO - Click on Submit Button 
2018-12-05 11:58:41,670 - Maven_Cucumber.mcucumber.TestStepDefinition -INFO - Home Page is Displayed...
2018-12-05 11:58:46,670 - Maven_Cucumber.mcucumber.TestStepDefinition -INFO - Click on Home Button 
2018-12-05 12:02:14,037 - Maven_Cucumber.mcucumber.TestStepDefinition -INFO - Browser Opened Successfully....
2018-12-05 12:02:24,299 - Maven_Cucumber.mcucumber.TestStepDefinition -INFO - Click on SignIn Button 
2018-12-05 12:02:26,100 - Maven_Cucumber.mcucumber.TestStepDefinition -INFO - Enter User Name 
2018-12-05 12:02:26,311 - Maven_Cucumber.mcucumber.TestStepDefinition -INFO - Enter Password
2018-12-05 12:02:26,544 - Maven_Cucumber.mcucumber.TestStepDefinition -INFO - Click on Submit Button 
2018-12-05 12:02:28,158 - Maven_Cucumber.mcucumber.TestStepDefinition -INFO - Home Page is Displayed...
2018-12-05 12:02:33,160 - Maven_Cucumber.mcucumber.TestStepDefinition -INFO - Click on Home Button 
2018-12-05 12:09:06,042 - Maven_Cucumber.mcucumber.TestStepDefinition -INFO - Browser Opened Successfully....
2018-12-05 12:09:17,792 - Maven_Cucumber.mcucumber.TestStepDefinition -INFO - Click on SignIn Button 
2018-12-05 12:09:19,752 - Maven_Cucumber.mcucumber.TestStepDefinition -INFO - Enter User Name 
2018-12-05 12:09:19,940 - Maven_Cucumber.mcucumber.TestStepDefinition -INFO - Enter Password
2018-12-05 12:09:20,123 - Maven_Cucumber.mcucumber.TestStepDefinition -INFO - Click on Submit Button 
2018-12-05 12:09:21,776 - Maven_Cucumber.mcucumber.TestStepDefinition -INFO - Home Page is Displayed...
2018-12-05 12:09:26,777 - Maven_Cucumber.mcucumber.TestStepDefinition -INFO - Click on Home Button 
2018-12-05 12:39:42,370 - Maven_Cucumber.mcucumber.TestStepDefinition -INFO - Browser Opened Successfully....
2018-12-05 12:39:52,169 - Maven_Cucumber.mcucumber.TestStepDefinition -INFO - Click on SignIn Button 
2018-12-05 12:39:53,870 - Maven_Cucumber.mcucumber.TestStepDefinition -INFO - Enter User Name 
2018-12-05 12:39:54,079 - Maven_Cucumber.mcucumber.TestStepDefinition -INFO - Enter Password
2018-12-05 12:39:54,277 - Maven_Cucumber.mcucumber.TestStepDefinition -INFO - Click on Submit Button 
2018-12-05 12:39:56,058 - Maven_Cucumber.mcucumber.TestStepDefinition -INFO - Home Page is Displayed...
2018-12-05 12:40:01,059 - Maven_Cucumber.mcucumber.TestStepDefinition -INFO - Click on Home Button 
2018-12-05 12:44:29,156 - Maven_Cucumber.mcucumber.TestStepDefinition -INFO - Browser Opened Successfully....
2018-12-05 12:44:39,608 - Maven_Cucumber.mcucumber.TestStepDefinition -INFO - Click on SignIn Button 
2018-12-05 12:44:41,334 - Maven_Cucumber.mcucumber.TestStepDefinition -INFO - Enter User Name 
2018-12-05 12:44:41,623 - Maven_Cucumber.mcucumber.TestStepDefinition -INFO - Enter Password
2018-12-05 12:44:41,891 - Maven_Cucumber.mcucumber.TestStepDefinition -INFO - Click on Submit Button 
2018-12-05 12:44:43,488 - Maven_Cucumber.mcucumber.TestStepDefinition -INFO - Home Page is Displayed...
2018-12-05 12:44:48,489 - Maven_Cucumber.mcucumber.TestStepDefinition -INFO - Click on Home Button 
2018-12-05 12:46:11,283 - Maven_Cucumber.mcucumber.TestStepDefinition -INFO - Browser Opened Successfully....
2018-12-05 12:46:21,182 - Maven_Cucumber.mcucumber.TestStepDefinition -INFO - Click on SignIn Button 
2018-12-05 12:46:23,281 - Maven_Cucumber.mcucumber.TestStepDefinition -INFO - Enter User Name 
2018-12-05 12:46:23,596 - Maven_Cucumber.mcucumber.TestStepDefinition -INFO - Enter Password
2018-12-05 12:46:23,818 - Maven_Cucumber.mcucumber.TestStepDefinition -INFO - Click on Submit Button 
2018-12-05 12:46:25,503 - Maven_Cucumber.mcucumber.TestStepDefinition -INFO - Home Page is Displayed...
2018-12-05 12:46:30,504 - Maven_Cucumber.mcucumber.TestStepDefinition -INFO - Click on Home Button 
2018-12-05 13:34:39,921 - Maven_Cucumber.mcucumber.TestStepDefinition -INFO - Browser Opened Successfully....
2018-12-05 13:34:49,304 - Maven_Cucumber.mcucumber.TestStepDefinition -INFO - Click on SignIn Button 
2018-12-05 13:34:51,333 - Maven_Cucumber.mcucumber.TestStepDefinition -INFO - Enter User Name 
2018-12-05 13:34:51,566 - Maven_Cucumber.mcucumber.TestStepDefinition -INFO - Enter Password
2018-12-05 13:34:51,775 - Maven_Cucumber.mcucumber.TestStepDefinition -INFO - Click on Submit Button 
2018-12-05 13:34:53,661 - Maven_Cucumber.mcucumber.TestStepDefinition -INFO - Home Page is Displayed...
2018-12-05 13:34:58,663 - Maven_Cucumber.mcucumber.TestStepDefinition -INFO - Click on Home Button 
2018-12-05 13:49:57,724 - Maven_Cucumber.mcucumber.TestStepDefinition -INFO - Browser Opened Successfully....
2018-12-05 13:50:07,377 - Maven_Cucumber.mcucumber.TestStepDefinition -INFO - Click on SignIn Button 
2018-12-05 13:50:09,034 - Maven_Cucumber.mcucumber.TestStepDefinition -INFO - Enter User Name 
2018-12-05 13:50:09,264 - Maven_Cucumber.mcucumber.TestStepDefinition -INFO - Enter Password
2018-12-05 13:50:09,501 - Maven_Cucumber.mcucumber.TestStepDefinition -INFO - Click on Submit Button 
2018-12-05 13:50:11,127 - Maven_Cucumber.mcucumber.TestStepDefinition -INFO - Home Page is Displayed...
2018-12-05 13:50:16,128 - Maven_Cucumber.mcucumber.TestStepDefinition -INFO - Click on Home Button 
2018-12-05 13:55:11,671 - Maven_Cucumber.mcucumber.TestStepDefinition -INFO - Browser Opened Successfully....
2018-12-05 13:55:21,079 - Maven_Cucumber.mcucumber.TestStepDefinition -INFO - Click on SignIn Button 
2018-12-05 13:55:22,712 - Maven_Cucumber.mcucumber.TestStepDefinition -INFO - Enter User Name 
2018-12-05 13:55:22,938 - Maven_Cucumber.mcucumber.TestStepDefinition -INFO - Enter Password
2018-12-05 13:55:23,132 - Maven_Cucumber.mcucumber.TestStepDefinition -INFO - Click on Submit Button 
2018-12-05 13:55:25,314 - Maven_Cucumber.mcucumber.TestStepDefinition -INFO - Home Page is Displayed...
2018-12-05 13:55:30,316 - Maven_Cucumber.mcucumber.TestStepDefinition -INFO - Click on Home Button 
2018-12-05 13:58:00,400 - Maven_Cucumber.mcucumber.TestStepDefinition -INFO - Browser Opened Successfully....
2018-12-05 13:58:09,883 - Maven_Cucumber.mcucumber.TestStepDefinition -INFO - Click on SignIn Button 
2018-12-05 13:58:11,982 - Maven_Cucumber.mcucumber.TestStepDefinition -INFO - Enter User Name 
2018-12-05 13:58:12,195 - Maven_Cucumber.mcucumber.TestStepDefinition -INFO - Enter Password
2018-12-05 13:58:12,369 - Maven_Cucumber.mcucumber.TestStepDefinition -INFO - Click on Submit Button 
2018-12-05 13:58:13,949 - Maven_Cucumber.mcucumber.TestStepDefinition -INFO - Home Page is Displayed...
2018-12-05 13:58:18,949 - Maven_Cucumber.mcucumber.TestStepDefinition -INFO - Click on Home Button 
2018-12-05 13:59:24,689 - Maven_Cucumber.mcucumber.TestStepDefinition -INFO - Browser Opened Successfully....
2018-12-05 13:59:34,322 - Maven_Cucumber.mcucumber.TestStepDefinition -INFO - Click on SignIn Button 
2018-12-05 13:59:35,987 - Maven_Cucumber.mcucumber.TestStepDefinition -INFO - Enter User Name 
2018-12-05 13:59:36,187 - Maven_Cucumber.mcucumber.TestStepDefinition -INFO - Enter Password
2018-12-05 13:59:36,382 - Maven_Cucumber.mcucumber.TestStepDefinition -INFO - Click on Submit Button 
2018-12-05 13:59:38,005 - Maven_Cucumber.mcucumber.TestStepDefinition -INFO - Home Page is Displayed...
2018-12-05 13:59:43,007 - Maven_Cucumber.mcucumber.TestStepDefinition -INFO - Click on Home Button 
2018-12-05 14:01:10,866 - Maven_Cucumber.mcucumber.TestStepDefinition -INFO - Browser Opened Successfully....
2018-12-05 14:01:21,673 - Maven_Cucumber.mcucumber.TestStepDefinition -INFO - Click on SignIn Button 
2018-12-05 14:01:23,351 - Maven_Cucumber.mcucumber.TestStepDefinition -INFO - Enter User Name 
2018-12-05 14:01:23,566 - Maven_Cucumber.mcucumber.TestStepDefinition -INFO - Enter Password
2018-12-05 14:01:23,766 - Maven_Cucumber.mcucumber.TestStepDefinition -INFO - Click on Submit Button 
2018-12-05 14:01:25,551 - Maven_Cucumber.mcucumber.TestStepDefinition -INFO - Home Page is Displayed...
2018-12-05 14:01:30,551 - Maven_Cucumber.mcucumber.TestStepDefinition -INFO - Click on Home Button 
2018-12-10 11:15:42,040 - Maven_Cucumber.mcucumber.TestStepDefinition -INFO - Browser Opened Successfully....
2018-12-10 11:16:09,905 - Maven_Cucumber.mcucumber.TestStepDefinition -INFO - Click on SignIn Button 
2018-12-10 11:16:12,216 - Maven_Cucumber.mcucumber.TestStepDefinition -INFO - Enter User Name 
2018-12-10 11:16:12,412 - Maven_Cucumber.mcucumber.TestStepDefinition -INFO - Enter Password
2018-12-10 11:16:12,609 - Maven_Cucumber.mcucumber.TestStepDefinition -INFO - Click on Submit Button 
2018-12-10 11:16:14,299 - Maven_Cucumber.mcucumber.TestStepDefinition -INFO - Home Page is Displayed...
2018-12-10 11:16:19,313 - Maven_Cucumber.mcucumber.TestStepDefinition -INFO - Click on Home Button 
2018-12-13 11:20:59,499 - Maven_Cucumber.mcucumber.TestStepDefinition -INFO - Browser Opened Successfully....
2018-12-13 11:21:16,086 - Maven_Cucumber.mcucumber.TestStepDefinition -INFO - Click on SignIn Button 
2018-12-13 11:21:18,399 - Maven_Cucumber.mcucumber.TestStepDefinition -INFO - Enter User Name 
2018-12-13 11:21:18,662 - Maven_Cucumber.mcucumber.TestStepDefinition -INFO - Enter Password
2018-12-13 11:21:18,871 - Maven_Cucumber.mcucumber.TestStepDefinition -INFO - Click on Submit Button 
2018-12-13 11:21:21,066 - Maven_Cucumber.mcucumber.TestStepDefinition -INFO - Home Page is Displayed...
2018-12-13 11:21:26,067 - Maven_Cucumber.mcucumber.TestStepDefinition -INFO - Click on Home Button 
2018-12-13 11:30:23,370 - Maven_Cucumber.mcucumber.TestStepDefinition -INFO - Browser Opened Successfully....
2018-12-13 11:30:37,547 - Maven_Cucumber.mcucumber.TestStepDefinition -INFO - Click on SignIn Button 
2018-12-13 11:30:39,805 - Maven_Cucumber.mcucumber.TestStepDefinition -INFO - Enter User Name 
2018-12-13 11:30:39,983 - Maven_Cucumber.mcucumber.TestStepDefinition -INFO - Enter Password
2018-12-13 11:30:40,150 - Maven_Cucumber.mcucumber.TestStepDefinition -INFO - Click on Submit Button 
2018-12-13 11:30:41,878 - Maven_Cucumber.mcucumber.TestStepDefinition -INFO - Home Page is Displayed...
2018-12-13 11:30:46,879 - Maven_Cucumber.mcucumber.TestStepDefinition -INFO - Click on Home Button 
2018-12-13 11:33:43,914 - Maven_Cucumber.mcucumber.TestStepDefinition -INFO - Browser Opened Successfully....
2018-12-13 11:33:56,568 - Maven_Cucumber.mcucumber.TestStepDefinition -INFO - Click on SignIn Button 
2018-12-13 11:33:59,061 - Maven_Cucumber.mcucumber.TestStepDefinition -INFO - Enter User Name 
2018-12-13 11:33:59,257 - Maven_Cucumber.mcucumber.TestStepDefinition -INFO - Enter Password
2018-12-13 11:33:59,442 - Maven_Cucumber.mcucumber.TestStepDefinition -INFO - Click on Submit Button 
2018-12-13 11:34:01,090 - Maven_Cucumber.mcucumber.TestStepDefinition -INFO - Home Page is Displayed...
2018-12-13 11:34:06,090 - Maven_Cucumber.mcucumber.TestStepDefinition -INFO - Click on Home Button 
2019-02-01 17:52:23,383 - Maven_Cucumber.mcucumber.TestStepDefinition -INFO - Browser Opened Successfully....
2019-02-01 17:52:32,594 - Maven_Cucumber.mcucumber.TestStepDefinition -INFO - Click on SignIn Button 
2019-02-01 17:52:35,939 - Maven_Cucumber.mcucumber.TestStepDefinition -INFO - Enter User Name 
2019-02-01 17:52:36,160 - Maven_Cucumber.mcucumber.TestStepDefinition -INFO - Enter Password
2019-02-01 17:52:36,350 - Maven_Cucumber.mcucumber.TestStepDefinition -INFO - Click on Submit Button 
2019-02-01 17:52:38,214 - Maven_Cucumber.mcucumber.TestStepDefinition -INFO - Home Page is Displayed...
2019-02-01 17:52:43,216 - Maven_Cucumber.mcucumber.TestStepDefinition -INFO - Click on Home Button 
